<?xml version="1.0" encoding="UTF-8"?>
<testng-results skipped="0" failed="0" ignored="0" total="2" passed="2">
  <reporter-output>
  </reporter-output>
  <suite name="WalletHub Assignment Suite" duration-ms="88656" started-at="2020-05-02T03:54:47 IST" finished-at="2020-05-02T03:56:15 IST">
    <groups>
    </groups>
    <test name="Assignment Tests" duration-ms="88656" started-at="2020-05-02T03:54:47 IST" finished-at="2020-05-02T03:56:15 IST">
      <class name="com.wallethub.tests.Assignment1Test">
        <test-method status="PASS" signature="OpenBrowser()[pri:0, instance:com.wallethub.tests.Assignment1Test@1130520d]" name="OpenBrowser" is-config="true" duration-ms="2653" started-at="2020-05-02T03:54:47 IST" finished-at="2020-05-02T03:54:49 IST">
          <reporter-output>
          </reporter-output>
        </test-method> <!-- OpenBrowser -->
        <test-method status="PASS" signature="postMessageInFacebookTest()[pri:0, instance:com.wallethub.tests.Assignment1Test@1130520d]" name="postMessageInFacebookTest" duration-ms="42609" started-at="2020-05-02T03:54:49 IST" finished-at="2020-05-02T03:55:32 IST">
          <reporter-output>
          </reporter-output>
        </test-method> <!-- postMessageInFacebookTest -->
        <test-method status="PASS" signature="closeBrowser()[pri:0, instance:com.wallethub.tests.Assignment1Test@1130520d]" name="closeBrowser" is-config="true" duration-ms="737" started-at="2020-05-02T03:55:32 IST" finished-at="2020-05-02T03:55:33 IST">
          <reporter-output>
          </reporter-output>
        </test-method> <!-- closeBrowser -->
      </class> <!-- com.wallethub.tests.Assignment1Test -->
      <class name="com.wallethub.tests.Assignment2Test">
        <test-method status="PASS" signature="OpenBrowser()[pri:0, instance:com.wallethub.tests.Assignment2Test@5f77d0f9]" name="OpenBrowser" is-config="true" duration-ms="8038" started-at="2020-05-02T03:55:33 IST" finished-at="2020-05-02T03:55:41 IST">
          <reporter-output>
          </reporter-output>
        </test-method> <!-- OpenBrowser -->
        <test-method status="PASS" signature="postReviewInWalletHubTest()[pri:0, instance:com.wallethub.tests.Assignment2Test@5f77d0f9]" name="postReviewInWalletHubTest" duration-ms="30395" started-at="2020-05-02T03:55:41 IST" finished-at="2020-05-02T03:56:11 IST">
          <reporter-output>
          </reporter-output>
        </test-method> <!-- postReviewInWalletHubTest -->
        <test-method status="PASS" signature="closeBrowser()[pri:0, instance:com.wallethub.tests.Assignment2Test@5f77d0f9]" name="closeBrowser" is-config="true" duration-ms="4122" started-at="2020-05-02T03:56:11 IST" finished-at="2020-05-02T03:56:15 IST">
          <reporter-output>
          </reporter-output>
        </test-method> <!-- closeBrowser -->
      </class> <!-- com.wallethub.tests.Assignment2Test -->
    </test> <!-- Assignment Tests -->
  </suite> <!-- WalletHub Assignment Suite -->
</testng-results>
