<?xml version="1.0" encoding="UTF-8"?>
<!-- Generated by org.testng.reporters.JUnitXMLReporter -->
<testsuite hostname="DESKTOP-PU2MSOE" ignored="0" name="Assignment Tests" tests="2" failures="0" timestamp="2020-05-02T03:56:15 IST" time="88.656" errors="0">
  <testcase name="postMessageInFacebookTest" time="42.609" classname="com.wallethub.tests.Assignment1Test"/>
  <testcase name="postReviewInWalletHubTest" time="30.395" classname="com.wallethub.tests.Assignment2Test"/>
</testsuite> <!-- Assignment Tests -->
